<?xml version="1.0" encoding="UTF-8"?>
<coverage generated="1568121977201" clover="3.2.0">
  <project timestamp="1568121977201" name="All files">
    <metrics statements="30" coveredstatements="27" conditionals="0" coveredconditionals="0" methods="17" coveredmethods="14" elements="47" coveredelements="41" complexity="0" loc="30" ncloc="30" packages="1" files="4" classes="4"/>
    <file name="1.qs.js" path="D:\STELLA\Web Files\珠峰课程\代码-架构课201907\15.jest\unit-test\1.qs.js">
      <metrics statements="10" coveredstatements="10" conditionals="0" coveredconditionals="0" methods="4" coveredmethods="4"/>
      <line num="1" count="1" type="stmt"/>
      <line num="2" count="1" type="stmt"/>
      <line num="3" count="1" type="stmt"/>
      <line num="4" count="1" type="stmt"/>
      <line num="6" count="1" type="stmt"/>
      <line num="9" count="1" type="stmt"/>
      <line num="10" count="1" type="stmt"/>
      <line num="11" count="1" type="stmt"/>
      <line num="12" count="1" type="stmt"/>
      <line num="14" count="1" type="stmt"/>
    </file>
    <file name="2.dom.js" path="D:\STELLA\Web Files\珠峰课程\代码-架构课201907\15.jest\unit-test\2.dom.js">
      <metrics statements="6" coveredstatements="5" conditionals="0" coveredconditionals="0" methods="3" coveredmethods="2"/>
      <line num="1" count="1" type="stmt"/>
      <line num="2" count="1" type="stmt"/>
      <line num="5" count="1" type="stmt"/>
      <line num="6" count="1" type="stmt"/>
      <line num="9" count="1" type="stmt"/>
      <line num="10" count="0" type="stmt"/>
    </file>
    <file name="3.async.js" path="D:\STELLA\Web Files\珠峰课程\代码-架构课201907\15.jest\unit-test\3.async.js">
      <metrics statements="7" coveredstatements="5" conditionals="0" coveredconditionals="0" methods="5" coveredmethods="3"/>
      <line num="1" count="1" type="stmt"/>
      <line num="2" count="0" type="stmt"/>
      <line num="3" count="0" type="stmt"/>
      <line num="7" count="1" type="stmt"/>
      <line num="8" count="1" type="stmt"/>
      <line num="9" count="1" type="stmt"/>
      <line num="10" count="1" type="stmt"/>
    </file>
    <file name="4.mock.js" path="D:\STELLA\Web Files\珠峰课程\代码-架构课201907\15.jest\unit-test\4.mock.js">
      <metrics statements="7" coveredstatements="7" conditionals="0" coveredconditionals="0" methods="5" coveredmethods="5"/>
      <line num="3" count="1" type="stmt"/>
      <line num="4" count="1" type="stmt"/>
      <line num="7" count="1" type="stmt"/>
      <line num="9" count="1" type="stmt"/>
      <line num="11" count="1" type="stmt"/>
      <line num="12" count="1" type="stmt"/>
      <line num="13" count="1" type="stmt"/>
    </file>
  </project>
</coverage>
